840010 Garden Paws Dec/2018 50000 - 100000 0 19.99 2 [English] http://www.gardenpawsgame.com true true false 92% -1 admin[null]
866510 !AnyWay! Jun/2018 50000 - 100000 0 1.79 37 [English, Russian, French, Italian, German, Polish, Ukrainian, Swedish, Simplified Chinese]  true false false 69% -1 admin[null]
1970560 Bobbi Adventure May/2022 50000 - 100000 0 24.99 0 [English]  true false false 67% -1 admin[null]
411740 Yet Another World Nov/2015 50000 - 100000 0 5.99 0 [English]  true true true 78% -1 admin[null]
1509590 Fujiwara Bittersweet Jan/2021 50000 - 100000 0 0.0 0 [English]  true true true 91% -1 admin[null]
458520 Wrath of Anna Apr/2018 50000 - 100000 0 19.99 1 [English, Spanish - Spain, Hungarian, German, Norwegian, Polish, Swedish, Russian] http://LorenzoEnt.com true false false 35% -1 admin[null]
920210 LEGO® Star Wars?: The Skywalker Saga Apr/2022 500000 - 1000000 0 49.99 8 [English, French, Italian, German, Spanish - Spain, Arabic, Danish, Dutch, Korean, Polish, Portuguese - Brazil, Russian, Spanish - Latin America, Traditional Chinese, Japanese]  true false false 92% -1 admin[null]
1444020 Reactor Tech² Aug/2021 50000 - 100000 0 14.99 0 [English, Russian]  true false false 68% -1 admin[null]
1232460 Onee Chanbara ORIGIN Oct/2020 50000 - 100000 18 59.99 96 [English, Simplified Chinese, Traditional Chinese, Japanese, Korean]  true false false 72% -1 admin[null]
2026070 Tank Commander: Battlefield Jul/2022 50000 - 100000 0 2.99 0 [English]  true false false 100% -1 admin[null]
258880 Professional Farmer 2014 Nov/2013 50000 - 100000 0 2.99 2 [English, French, Italian, German, Spanish - Spain, Polish, Russian, Dutch, Swedish, Norwegian] http://www.professional-farmer.com/ true false false 46% -1 admin[null]
295250 Stranded May/2014 50000 - 100000 0 0.49 0 [English]  true true true 35% -1 admin[null]
299500 International Snooker May/2014 50000 - 100000 0 5.99 0 [English] http://www.bigheadgames.co.uk/ true false false 62% -1 admin[null]
574080 Fog of War Jun/2018 50000 - 100000 0 4.99 1 [English, Russian]  true false false 48% -1 admin[null]
598780 Boreal Blade Nov/2020 50000 - 100000 0 3.99 0 [English, French, Italian, German, Spanish - Spain, Japanese, Korean, Portuguese - Brazil, Russian, Simplified Chinese] https://www.borealblade.com true false false 66% -1 admin[null]
1217190 ????????? Jan/2020 50000 - 100000 0 5.49 1 [Simplified Chinese]  true false false 78% -1 admin[null]
257730 Infinity Wars: Animated Trading Card Game Sep/2014 500000 - 1000000 0 0.0 0 [English, Simplified Chinese] http://www.infinitywarsgame.com true false false 77% -1 admin[null]
1807730 Lab Bio-Terror Dec/2021 50000 - 100000 0 12.99 0 [English]  true false false 82% -1 admin[null]
773670 Delete Jan/2018 50000 - 100000 0 1.99 0 [English, French, Italian, German, Spanish - Spain, Danish, Ukrainian, Russian, Bulgarian, Hungarian, Turkish, Greek, Norwegian, Czech, Japanese, Polish, Thai, Swedish, Simplified Chinese, Traditional Chinese, Romanian, Finnish, Dutch, Portuguese, Portuguese - Brazil, Arabic, Korean]  true true false 96% -1 admin[null]
1803150 Void Slayer Jan/2022 50000 - 100000 0 4.99 0 [English]  true false false 79% -1 admin[null]
1573070 Endless Furry Blackjack Mar/2021 50000 - 100000 0 0.99 0 [English] https://m.youtube.com/ericyoungvfx/ true false false 20% -1 admin[null]
513930 J.U.R : Japan Underground Racing Aug/2016 50000 - 100000 0 0.49 0 [English]  true false false 32% -1 admin[null]
385250 Paint it Back Oct/2015 50000 - 100000 0 7.99 0 [English] http://casuallabs.com/wp/?page_id=24 true true true 98% -1 admin[null]
261880 Corporate Lifestyle Simulator Mar/2014 50000 - 100000 0 4.99 1 [English] http://www.dolphinbarn.com true false false 83% -1 admin[null]
533300 Zup! Oct/2016 500000 - 1000000 0 0.99 1 [English, French, Italian, German, Spanish - Spain, Arabic, Bulgarian, Portuguese - Brazil, Hungarian, Greek, Danish, Traditional Chinese, Simplified Chinese, Korean, Dutch, Norwegian, Polish, Portuguese, Romanian, Russian, Thai, Turkish, Ukrainian, Finnish, Czech, Swedish, Japanese] http://quietriver.info/ true false false 94% -1 admin[null]
542340 Slingshot people Oct/2016 500000 - 1000000 0 0.99 0 [English] http://www.vsemagy.ru/index.php true false false 47% -1 admin[null]
1209040 Cyber Hunter Jun/2020 500000 - 1000000 0 0.0 0 [English, French, German, Spanish - Spain, Russian, Japanese, Simplified Chinese, Traditional Chinese, Portuguese - Brazil, Korean, Thai, Vietnamese] https://www.cyberhunter.game/ true false false 73% -1 admin[null]
8790 GTR 2 FIA GT Racing Game Dec/2012 50000 - 100000 0 7.99 0 [English] http://www.simbin.com/games/gtr2/ true false false 93% -1 admin[null]
8000 Tomb Raider: Anniversary Jun/2007 500000 - 1000000 13 8.99 0 [English, French, German, Italian, Spanish - Spain] http://www.tombraider.com/anniversary/ true false false 82% -1 admin[null]
415150 Pang Adventures Apr/2016 50000 - 100000 0 9.99 0 [English, French, Italian, German, Spanish - Spain, Portuguese - Brazil, Russian] https://www.facebook.com/Pang.Adventures/ true false false 80% -1 admin[null]
2012500 The Katydids Incident Jun/2022 50000 - 100000 0 4.99 0 [English] https://punxstudios.co true false false 100% -1 admin[null]
691150 Saku Saku: Love Blooms with the Cherry Blossoms Oct/2017 50000 - 100000 0 19.99 0 [English]  true false false 92% -1 admin[null]
283370 Marine Sharpshooter II: Jungle Warfare Apr/2014 50000 - 100000 0 2.99 0 [English] http://www.funboxmedia.co.uk/ true false false 32% -1 admin[null]
249650 Blackguards Jan/2014 500000 - 1000000 0 0.99 2 [English, German, French, Spanish - Spain, Portuguese - Brazil, Russian, Italian, Japanese, Korean, Czech, Turkish, Polish, Simplified Chinese] http://www.blackguards-game.com true false false 62% -1 admin[null]
268870 Satellite Reign Aug/2015 500000 - 1000000 0 29.99 3 [English, French, Italian, German, Spanish - Spain, Czech, Russian] http://www.satellitereign.com/ true true true 71% -1 admin[null]
1172510 Unlock The King Nov/2019 50000 - 100000 0 0.99 0 [English]  true true false 96% -1 admin[null]
927890 Hentai Girl Linda Dec/2018 50000 - 100000 0 0.99 0 [English, French, Italian, German, Spanish - Spain, Danish, Ukrainian, Russian, Bulgarian, Hungarian, Turkish, Greek, Norwegian, Czech, Japanese, Polish, Thai, Swedish, Simplified Chinese, Traditional Chinese, Romanian, Finnish, Dutch, Portuguese, Portuguese - Brazil, Arabic, Korean, Spanish - Latin America, Vietnamese]  true true false 94% -1 admin[null]
25700 Madballs in Babo:Invasion Sep/2009 50000 - 100000 0 4.99 7 [English, German, Korean, Portuguese, Spanish - Spain, French, Italian, Russian] http://www.baboinvasion.com true true false 84% -1 admin[null]
281610 Homeworld: Deserts of Kharak Jan/2016 500000 - 1000000 0 49.99 4 [English, French, Italian, German, Spanish - Spain, Russian, Polish] http://www.desertsofkharak.com true true false 83% -1 admin[null]
485610 Ball 3D: Soccer Online Mar/2017 500000 - 1000000 0 9.99 0 [English] http://www.ball3d.com true true false 83% -1 admin[null]
1276850 Kane's Shadow Apr/2020 50000 - 100000 0 0.0 0 [English]  true true false 67% -1 admin[null]
722340 Captain vs Sky Pirates Oct/2017 50000 - 100000 0 2.99 5 [English] https://store.steampowered.com/publisher/boogygames/ true false false 25% -1 admin[null]
1499640 Y.E.T.I Jan/2021 50000 - 100000 0 0.49 0 [English] https://anpa.us true false false 80% -1 admin[null]
1848450 Nightmare of Decay May/2022 50000 - 100000 0 3.99 0 [English, French, Polish, Russian, Simplified Chinese, Traditional Chinese, Spanish - Latin America, Portuguese - Brazil, Italian, German, Czech, Hungarian, Turkish, Norwegian, Swedish]  true false false 98% -1 admin[null]
615700 A Plunge into Darkness Mar/2020 50000 - 100000 0 5.99 1 [English] https://www.aldorlea.org/ true false false 73% -1 admin[null]
744980 Super Club Soccer Oct/2019 50000 - 100000 0 0.0 0 [English] http://www.superclubsoccer.com/ true false true 69% -1 admin[null]
10180 Call of Duty®: Modern Warfare® 2 (2009) Nov/2009 5000000 - 10000000 0 19.99 2 [English, French, German, Italian, Spanish - Spain] https://www.callofduty.com/ true true false 93% -1 admin[null]
234390 Teleglitch: Die More Edition Jul/2013 500000 - 1000000 0 3.24 1 [English] http://www.teleglitch.com true true true 85% -1 admin[null]
1641670 EdgeOfTheAbyssAwaken Jun/2022 50000 - 100000 0 18.99 3 [English, Simplified Chinese]  true false false 74% -1 admin[null]
427520 Factorio Aug/2020 5000000 - 10000000 0 30.0 1 [English, French, Italian, German, Spanish - Spain, Hungarian, Dutch, Norwegian, Polish, Portuguese, Portuguese - Brazil, Romanian, Finnish, Swedish, Czech, Russian, Ukrainian, Japanese, Simplified Chinese, Traditional Chinese, Korean, Turkish] https://www.factorio.com true true true 97% -1 admin[null]
